2024-06-19 19:41:33,003 - INFO - ---------- NEW TURN TRAIN ----------
2024-06-19 19:41:34,482 - INFO - Training start!
2024-06-19 19:41:34,507 - INFO - Epoch 1 -------------------------------
2024-06-19 19:47:42,196 - INFO - Train Loss: 6.353520
2024-06-19 19:47:47,715 - INFO - Val Loss: 5.871200
2024-06-19 19:47:47,717 - INFO - Val MulticlassF1Score(): 0.106937
2024-06-19 19:47:47,718 - INFO - Val NDCG@10: 0.163078
2024-06-19 19:47:47,741 - INFO - Epoch 2 -------------------------------
2024-06-19 19:53:52,183 - INFO - Train Loss: 5.439070
2024-06-19 19:53:57,622 - INFO - Val Loss: 5.709626
2024-06-19 19:53:57,623 - INFO - Val MulticlassF1Score(): 0.118542
2024-06-19 19:53:57,624 - INFO - Val NDCG@10: 0.175119
2024-06-19 19:53:57,647 - INFO - Epoch 3 -------------------------------
2024-06-19 20:00:06,813 - INFO - Train Loss: 5.303880
2024-06-19 20:00:12,226 - INFO - Val Loss: 5.632050
2024-06-19 20:00:12,228 - INFO - Val MulticlassF1Score(): 0.120882
2024-06-19 20:00:12,228 - INFO - Val NDCG@10: 0.178400
2024-06-19 20:00:12,252 - INFO - Epoch 4 -------------------------------
2024-06-19 20:06:16,919 - INFO - Train Loss: 5.229931
2024-06-19 20:06:22,488 - INFO - Val Loss: 5.578967
2024-06-19 20:06:22,490 - INFO - Val MulticlassF1Score(): 0.120807
2024-06-19 20:06:22,491 - INFO - Val NDCG@10: 0.179435
2024-06-19 20:06:22,515 - INFO - Epoch 5 -------------------------------
2024-06-19 20:12:30,715 - INFO - Train Loss: 5.182598
2024-06-19 20:12:36,121 - INFO - Val Loss: 5.544869
2024-06-19 20:12:36,123 - INFO - Val MulticlassF1Score(): 0.122529
2024-06-19 20:12:36,124 - INFO - Val NDCG@10: 0.180688
2024-06-19 20:12:36,147 - INFO - Epoch 6 -------------------------------
2024-06-19 20:18:44,033 - INFO - Train Loss: 5.150196
2024-06-19 20:18:49,566 - INFO - Val Loss: 5.526911
2024-06-19 20:18:49,567 - INFO - Val MulticlassF1Score(): 0.120639
2024-06-19 20:18:49,568 - INFO - Val NDCG@10: 0.179515
2024-06-19 20:18:49,568 - INFO - Epoch 7 -------------------------------
2024-06-19 20:24:57,592 - INFO - Train Loss: 5.127220
2024-06-19 20:25:03,091 - INFO - Val Loss: 5.509369
2024-06-19 20:25:03,094 - INFO - Val MulticlassF1Score(): 0.122361
2024-06-19 20:25:03,095 - INFO - Val NDCG@10: 0.179477
2024-06-19 20:25:03,096 - INFO - Epoch 8 -------------------------------
2024-06-19 20:31:11,049 - INFO - Train Loss: 5.110007
2024-06-19 20:31:16,585 - INFO - Val Loss: 5.497674
2024-06-19 20:31:16,586 - INFO - Val MulticlassF1Score(): 0.122585
2024-06-19 20:31:16,587 - INFO - Val NDCG@10: 0.180581
2024-06-19 20:31:16,587 - INFO - Epoch 9 -------------------------------
2024-06-19 20:37:16,633 - INFO - Train Loss: 5.096802
2024-06-19 20:37:22,113 - INFO - Val Loss: 5.489367
2024-06-19 20:37:22,115 - INFO - Val MulticlassF1Score(): 0.121500
2024-06-19 20:37:22,116 - INFO - Val NDCG@10: 0.179546
2024-06-19 20:37:22,117 - INFO - Epoch 10 -------------------------------
2024-06-19 20:43:27,321 - INFO - Train Loss: 5.085664
2024-06-19 20:43:32,872 - INFO - Val Loss: 5.487116
2024-06-19 20:43:32,874 - INFO - Val MulticlassF1Score(): 0.121518
2024-06-19 20:43:32,874 - INFO - Val NDCG@10: 0.179457
2024-06-19 20:43:32,875 - INFO - Early stopping at epoch 9, best validation metrics sum: 0.3032168075442314
2024-06-19 20:43:32,890 - INFO - Training Done!
