2024-06-16 15:48:05,120 - INFO - ---------- NEW TURN TRAIN ----------
2024-06-16 15:48:08,989 - INFO - Training start!
2024-06-16 15:48:09,006 - INFO - Epoch 1 -------------------------------
2024-06-16 15:48:48,219 - INFO - Train Loss: 6.658533
2024-06-16 15:48:48,237 - INFO - Train MulticlassF1Score(): 0.087417
2024-06-16 15:48:48,581 - INFO - Val Loss: 6.771821
2024-06-16 15:48:48,583 - INFO - Val MulticlassF1Score(): 0.099955
2024-06-16 15:48:48,600 - INFO - Epoch 2 -------------------------------
2024-06-16 15:49:27,636 - INFO - Train Loss: 6.013434
2024-06-16 15:49:27,637 - INFO - Train MulticlassF1Score(): 0.122073
2024-06-16 15:49:27,994 - INFO - Val Loss: 6.625706
2024-06-16 15:49:27,996 - INFO - Val MulticlassF1Score(): 0.107573
2024-06-16 15:49:28,014 - INFO - Epoch 3 -------------------------------
2024-06-16 15:50:06,170 - INFO - Train Loss: 5.850061
2024-06-16 15:50:06,171 - INFO - Train MulticlassF1Score(): 0.130058
2024-06-16 15:50:06,604 - INFO - Val Loss: 6.572831
2024-06-16 15:50:06,606 - INFO - Val MulticlassF1Score(): 0.109501
2024-06-16 15:50:06,624 - INFO - Epoch 4 -------------------------------
2024-06-16 15:50:44,447 - INFO - Train Loss: 5.753025
2024-06-16 15:50:44,453 - INFO - Train MulticlassF1Score(): 0.135312
2024-06-16 15:50:44,807 - INFO - Val Loss: 6.566065
2024-06-16 15:50:44,809 - INFO - Val MulticlassF1Score(): 0.109689
2024-06-16 15:50:44,826 - INFO - Epoch 5 -------------------------------
2024-06-16 15:51:22,740 - INFO - Train Loss: 5.684781
2024-06-16 15:51:22,742 - INFO - Train MulticlassF1Score(): 0.139015
2024-06-16 15:51:23,189 - INFO - Val Loss: 6.559598
2024-06-16 15:51:23,191 - INFO - Val MulticlassF1Score(): 0.111972
2024-06-16 15:51:23,208 - INFO - Epoch 6 -------------------------------
2024-06-16 15:52:00,689 - INFO - Train Loss: 5.632149
2024-06-16 15:52:00,691 - INFO - Train MulticlassF1Score(): 0.141920
2024-06-16 15:52:01,036 - INFO - Val Loss: 6.577023
2024-06-16 15:52:01,038 - INFO - Val MulticlassF1Score(): 0.111317
2024-06-16 15:52:01,039 - INFO - Epoch 7 -------------------------------
2024-06-16 15:52:38,668 - INFO - Train Loss: 5.589425
2024-06-16 15:52:38,674 - INFO - Train MulticlassF1Score(): 0.144320
2024-06-16 15:52:39,105 - INFO - Val Loss: 6.587247
2024-06-16 15:52:39,107 - INFO - Val MulticlassF1Score(): 0.110905
2024-06-16 15:52:39,107 - INFO - Epoch 8 -------------------------------
2024-06-16 15:53:17,104 - INFO - Train Loss: 5.553632
2024-06-16 15:53:17,106 - INFO - Train MulticlassF1Score(): 0.146614
2024-06-16 15:53:17,446 - INFO - Val Loss: 6.608702
2024-06-16 15:53:17,448 - INFO - Val MulticlassF1Score(): 0.110980
2024-06-16 15:53:17,448 - INFO - Epoch 9 -------------------------------
2024-06-16 15:53:56,021 - INFO - Train Loss: 5.522636
2024-06-16 15:53:56,023 - INFO - Train MulticlassF1Score(): 0.148606
2024-06-16 15:53:56,451 - INFO - Val Loss: 6.612172
2024-06-16 15:53:56,453 - INFO - Val MulticlassF1Score(): 0.110943
2024-06-16 15:53:56,454 - INFO - Epoch 10 -------------------------------
2024-06-16 15:54:34,799 - INFO - Train Loss: 5.495449
2024-06-16 15:54:34,802 - INFO - Train MulticlassF1Score(): 0.150178
2024-06-16 15:54:35,176 - INFO - Val Loss: 6.632276
2024-06-16 15:54:35,178 - INFO - Val MulticlassF1Score(): 0.110550
2024-06-16 15:54:35,178 - INFO - Early stopping at epoch 9, best validation metrics sum: 0.1119721457362175
2024-06-16 15:54:35,186 - INFO - Training Done!
