2024-06-17 21:21:12,663 - INFO - ---------- NEW TURN TRAIN ----------
2024-06-17 21:21:14,233 - INFO - Training start!
2024-06-17 21:21:14,258 - INFO - Epoch 1 -------------------------------
2024-06-17 21:23:20,441 - INFO - Train Loss: 6.375855
2024-06-17 21:23:20,464 - INFO - Train MulticlassF1Score(): 0.102579
2024-06-17 21:23:21,342 - INFO - Val Loss: 6.691047
2024-06-17 21:23:21,343 - INFO - Val MulticlassF1Score(): 0.100535
2024-06-17 21:23:21,370 - INFO - Epoch 2 -------------------------------
2024-06-17 21:25:26,978 - INFO - Train Loss: 5.922323
2024-06-17 21:25:26,980 - INFO - Train MulticlassF1Score(): 0.124038
2024-06-17 21:25:27,896 - INFO - Val Loss: 6.640361
2024-06-17 21:25:27,897 - INFO - Val MulticlassF1Score(): 0.104298
2024-06-17 21:25:27,924 - INFO - Epoch 3 -------------------------------
2024-06-17 21:27:31,759 - INFO - Train Loss: 5.798166
2024-06-17 21:27:31,761 - INFO - Train MulticlassF1Score(): 0.130046
2024-06-17 21:27:32,635 - INFO - Val Loss: 6.623544
2024-06-17 21:27:32,637 - INFO - Val MulticlassF1Score(): 0.104635
2024-06-17 21:27:32,664 - INFO - Epoch 4 -------------------------------
2024-06-17 21:29:36,694 - INFO - Train Loss: 5.722631
2024-06-17 21:29:36,697 - INFO - Train MulticlassF1Score(): 0.133920
2024-06-17 21:29:37,650 - INFO - Val Loss: 6.627381
2024-06-17 21:29:37,652 - INFO - Val MulticlassF1Score(): 0.105346
2024-06-17 21:29:37,679 - INFO - Epoch 5 -------------------------------
2024-06-17 21:31:39,136 - INFO - Train Loss: 5.668721
2024-06-17 21:31:39,138 - INFO - Train MulticlassF1Score(): 0.136782
2024-06-17 21:31:40,025 - INFO - Val Loss: 6.652980
2024-06-17 21:31:40,026 - INFO - Val MulticlassF1Score(): 0.105795
2024-06-17 21:31:40,054 - INFO - Epoch 6 -------------------------------
2024-06-17 21:33:43,890 - INFO - Train Loss: 5.627198
2024-06-17 21:33:43,892 - INFO - Train MulticlassF1Score(): 0.139153
2024-06-17 21:33:44,765 - INFO - Val Loss: 6.665481
2024-06-17 21:33:44,767 - INFO - Val MulticlassF1Score(): 0.105589
2024-06-17 21:33:44,768 - INFO - Epoch 7 -------------------------------
2024-06-17 21:35:48,531 - INFO - Train Loss: 5.594244
2024-06-17 21:35:48,532 - INFO - Train MulticlassF1Score(): 0.140941
2024-06-17 21:35:49,409 - INFO - Val Loss: 6.687963
2024-06-17 21:35:49,411 - INFO - Val MulticlassF1Score(): 0.105234
2024-06-17 21:35:49,412 - INFO - Epoch 8 -------------------------------
2024-06-17 21:37:53,209 - INFO - Train Loss: 5.567269
2024-06-17 21:37:53,211 - INFO - Train MulticlassF1Score(): 0.142523
2024-06-17 21:37:54,078 - INFO - Val Loss: 6.692883
2024-06-17 21:37:54,080 - INFO - Val MulticlassF1Score(): 0.105702
2024-06-17 21:37:54,081 - INFO - Epoch 9 -------------------------------
2024-06-17 21:39:56,639 - INFO - Train Loss: 5.543836
2024-06-17 21:39:56,642 - INFO - Train MulticlassF1Score(): 0.143923
2024-06-17 21:39:57,536 - INFO - Val Loss: 6.705784
2024-06-17 21:39:57,538 - INFO - Val MulticlassF1Score(): 0.105271
2024-06-17 21:39:57,538 - INFO - Epoch 10 -------------------------------
2024-06-17 21:42:01,495 - INFO - Train Loss: 5.525281
2024-06-17 21:42:01,497 - INFO - Train MulticlassF1Score(): 0.144953
2024-06-17 21:42:02,378 - INFO - Val Loss: 6.718426
2024-06-17 21:42:02,379 - INFO - Val MulticlassF1Score(): 0.104373
2024-06-17 21:42:02,380 - INFO - Early stopping at epoch 9, best validation metrics sum: 0.10579514503479004
2024-06-17 21:42:02,392 - INFO - Training Done!
