2024-06-18 22:36:24,271 - INFO - ---------- NEW TURN TRAIN ----------
2024-06-18 22:36:25,742 - INFO - Training start!
2024-06-18 22:36:25,765 - INFO - Epoch 1 -------------------------------
2024-06-18 22:42:43,358 - INFO - Train Loss: 6.285832
2024-06-18 22:42:49,729 - INFO - Val Loss: 5.845513
2024-06-18 22:42:49,732 - INFO - Val MulticlassF1Score(): 0.111897
2024-06-18 22:42:49,732 - INFO - Val NDCG@10: 0.165131
2024-06-18 22:42:49,755 - INFO - Epoch 2 -------------------------------
2024-06-18 22:49:01,033 - INFO - Train Loss: 5.213972
2024-06-18 22:49:07,157 - INFO - Val Loss: 5.693639
2024-06-18 22:49:07,159 - INFO - Val MulticlassF1Score(): 0.115997
2024-06-18 22:49:07,160 - INFO - Val NDCG@10: 0.170365
2024-06-18 22:49:07,184 - INFO - Epoch 3 -------------------------------
2024-06-18 22:55:21,283 - INFO - Train Loss: 5.068253
2024-06-18 22:55:27,551 - INFO - Val Loss: 5.617786
2024-06-18 22:55:27,552 - INFO - Val MulticlassF1Score(): 0.112814
2024-06-18 22:55:27,553 - INFO - Val NDCG@10: 0.167326
2024-06-18 22:55:27,554 - INFO - Epoch 4 -------------------------------
2024-06-18 23:01:37,952 - INFO - Train Loss: 4.983255
2024-06-18 23:01:44,193 - INFO - Val Loss: 5.592111
2024-06-18 23:01:44,195 - INFO - Val MulticlassF1Score(): 0.110419
2024-06-18 23:01:44,196 - INFO - Val NDCG@10: 0.164555
2024-06-18 23:01:44,196 - INFO - Epoch 5 -------------------------------
2024-06-18 23:07:55,758 - INFO - Train Loss: 4.924490
2024-06-18 23:08:01,972 - INFO - Val Loss: 5.558386
2024-06-18 23:08:01,973 - INFO - Val MulticlassF1Score(): 0.109726
2024-06-18 23:08:01,974 - INFO - Val NDCG@10: 0.163935
2024-06-18 23:08:01,975 - INFO - Epoch 6 -------------------------------
2024-06-18 23:14:11,689 - INFO - Train Loss: 4.880892
2024-06-18 23:14:18,006 - INFO - Val Loss: 5.540379
2024-06-18 23:14:18,007 - INFO - Val MulticlassF1Score(): 0.107049
2024-06-18 23:14:18,008 - INFO - Val NDCG@10: 0.161506
2024-06-18 23:14:18,009 - INFO - Epoch 7 -------------------------------
2024-06-18 23:20:32,339 - INFO - Train Loss: 4.847069
2024-06-18 23:20:38,532 - INFO - Val Loss: 5.529696
2024-06-18 23:20:38,533 - INFO - Val MulticlassF1Score(): 0.106282
2024-06-18 23:20:38,534 - INFO - Val NDCG@10: 0.158834
2024-06-18 23:20:38,535 - INFO - Early stopping at epoch 6, best validation metrics sum: 0.28636178374290466
2024-06-18 23:20:38,548 - INFO - Training Done!
