2024-06-19 14:59:54,280 - INFO - ---------- NEW TURN TRAIN ----------
2024-06-19 14:59:55,774 - INFO - Training start!
2024-06-19 14:59:55,796 - INFO - Epoch 1 -------------------------------
2024-06-19 15:06:28,943 - INFO - Train Loss: 6.802200
2024-06-19 15:06:35,266 - INFO - Val Loss: 5.908622
2024-06-19 15:06:35,269 - INFO - Val MulticlassF1Score(): 0.109857
2024-06-19 15:06:35,270 - INFO - Val NDCG@10: 0.163756
2024-06-19 15:06:35,292 - INFO - Epoch 2 -------------------------------
2024-06-19 15:13:14,099 - INFO - Train Loss: 5.419838
2024-06-19 15:13:20,437 - INFO - Val Loss: 5.699203
2024-06-19 15:13:20,439 - INFO - Val MulticlassF1Score(): 0.121706
2024-06-19 15:13:20,440 - INFO - Val NDCG@10: 0.179119
2024-06-19 15:13:20,463 - INFO - Epoch 3 -------------------------------
2024-06-19 15:19:54,532 - INFO - Train Loss: 5.273620
2024-06-19 15:20:00,865 - INFO - Val Loss: 5.612573
2024-06-19 15:20:00,867 - INFO - Val MulticlassF1Score(): 0.124981
2024-06-19 15:20:00,867 - INFO - Val NDCG@10: 0.183151
2024-06-19 15:20:00,891 - INFO - Epoch 4 -------------------------------
2024-06-19 15:26:35,968 - INFO - Train Loss: 5.196590
2024-06-19 15:26:42,350 - INFO - Val Loss: 5.563620
2024-06-19 15:26:42,353 - INFO - Val MulticlassF1Score(): 0.125431
2024-06-19 15:26:42,354 - INFO - Val NDCG@10: 0.185232
2024-06-19 15:26:42,377 - INFO - Epoch 5 -------------------------------
2024-06-19 15:33:18,454 - INFO - Train Loss: 5.146642
2024-06-19 15:33:24,761 - INFO - Val Loss: 5.527241
2024-06-19 15:33:24,763 - INFO - Val MulticlassF1Score(): 0.126310
2024-06-19 15:33:24,765 - INFO - Val NDCG@10: 0.185501
2024-06-19 15:33:24,788 - INFO - Epoch 6 -------------------------------
2024-06-19 15:39:58,514 - INFO - Train Loss: 5.111525
2024-06-19 15:40:04,816 - INFO - Val Loss: 5.505327
2024-06-19 15:40:04,817 - INFO - Val MulticlassF1Score(): 0.125505
2024-06-19 15:40:04,818 - INFO - Val NDCG@10: 0.185243
2024-06-19 15:40:04,819 - INFO - Epoch 7 -------------------------------
2024-06-19 15:46:42,996 - INFO - Train Loss: 5.085928
2024-06-19 15:46:49,373 - INFO - Val Loss: 5.489975
2024-06-19 15:46:49,375 - INFO - Val MulticlassF1Score(): 0.125356
2024-06-19 15:46:49,376 - INFO - Val NDCG@10: 0.185477
2024-06-19 15:46:49,377 - INFO - Epoch 8 -------------------------------
2024-06-19 15:53:29,018 - INFO - Train Loss: 5.066640
2024-06-19 15:53:35,188 - INFO - Val Loss: 5.472887
2024-06-19 15:53:35,190 - INFO - Val MulticlassF1Score(): 0.125187
2024-06-19 15:53:35,190 - INFO - Val NDCG@10: 0.184964
2024-06-19 15:53:35,191 - INFO - Epoch 9 -------------------------------
2024-06-19 16:00:08,253 - INFO - Train Loss: 5.052136
2024-06-19 16:00:14,593 - INFO - Val Loss: 5.466995
2024-06-19 16:00:14,596 - INFO - Val MulticlassF1Score(): 0.125487
2024-06-19 16:00:14,596 - INFO - Val NDCG@10: 0.184954
2024-06-19 16:00:14,597 - INFO - Epoch 10 -------------------------------
2024-06-19 16:06:55,104 - INFO - Train Loss: 5.040443
2024-06-19 16:07:01,423 - INFO - Val Loss: 5.456903
2024-06-19 16:07:01,424 - INFO - Val MulticlassF1Score(): 0.126011
2024-06-19 16:07:01,425 - INFO - Val NDCG@10: 0.185903
2024-06-19 16:07:01,447 - INFO - Epoch 11 -------------------------------
2024-06-19 16:13:36,107 - INFO - Train Loss: 5.030936
2024-06-19 16:13:42,402 - INFO - Val Loss: 5.445661
2024-06-19 16:13:42,403 - INFO - Val MulticlassF1Score(): 0.125094
2024-06-19 16:13:42,404 - INFO - Val NDCG@10: 0.185581
2024-06-19 16:13:42,405 - INFO - Epoch 12 -------------------------------
2024-06-19 16:20:15,188 - INFO - Train Loss: 5.023341
2024-06-19 16:20:21,745 - INFO - Val Loss: 5.429391
2024-06-19 16:20:21,747 - INFO - Val MulticlassF1Score(): 0.123783
2024-06-19 16:20:21,748 - INFO - Val NDCG@10: 0.183916
2024-06-19 16:20:21,749 - INFO - Epoch 13 -------------------------------
2024-06-19 16:26:57,564 - INFO - Train Loss: 5.016856
2024-06-19 16:27:03,552 - INFO - Val Loss: 5.434560
2024-06-19 16:27:03,553 - INFO - Val MulticlassF1Score(): 0.124382
2024-06-19 16:27:03,554 - INFO - Val NDCG@10: 0.184583
2024-06-19 16:27:03,554 - INFO - Epoch 14 -------------------------------
2024-06-19 16:33:40,273 - INFO - Train Loss: 5.011408
2024-06-19 16:33:46,501 - INFO - Val Loss: 5.429766
2024-06-19 16:33:46,503 - INFO - Val MulticlassF1Score(): 0.124176
2024-06-19 16:33:46,503 - INFO - Val NDCG@10: 0.184281
2024-06-19 16:33:46,504 - INFO - Epoch 15 -------------------------------
2024-06-19 16:40:20,409 - INFO - Train Loss: 5.006859
2024-06-19 16:40:26,915 - INFO - Val Loss: 5.425120
2024-06-19 16:40:26,918 - INFO - Val MulticlassF1Score(): 0.125187
2024-06-19 16:40:26,918 - INFO - Val NDCG@10: 0.184527
2024-06-19 16:40:26,919 - INFO - Early stopping at epoch 14, best validation metrics sum: 0.3119139224290848
2024-06-19 16:40:26,934 - INFO - Training Done!
