2024-06-18 21:50:43,894 - INFO - ---------- NEW TURN TRAIN ----------
2024-06-18 21:50:45,309 - INFO - Training start!
2024-06-18 21:50:45,331 - INFO - Epoch 1 -------------------------------
2024-06-18 21:56:55,265 - INFO - Train Loss: 6.211016
2024-06-18 21:57:01,361 - INFO - Val Loss: 5.852745
2024-06-18 21:57:01,364 - INFO - Val MulticlassF1Score(): 0.112646
2024-06-18 21:57:01,365 - INFO - Val NDCG@10: 0.164955
2024-06-18 21:57:01,387 - INFO - Epoch 2 -------------------------------
2024-06-18 22:03:12,066 - INFO - Train Loss: 5.220303
2024-06-18 22:03:18,324 - INFO - Val Loss: 5.685875
2024-06-18 22:03:18,326 - INFO - Val MulticlassF1Score(): 0.115735
2024-06-18 22:03:18,327 - INFO - Val NDCG@10: 0.170105
2024-06-18 22:03:18,350 - INFO - Epoch 3 -------------------------------
2024-06-18 22:09:24,155 - INFO - Train Loss: 5.072931
2024-06-18 22:09:30,337 - INFO - Val Loss: 5.617893
2024-06-18 22:09:30,339 - INFO - Val MulticlassF1Score(): 0.113807
2024-06-18 22:09:30,339 - INFO - Val NDCG@10: 0.167743
2024-06-18 22:09:30,340 - INFO - Epoch 4 -------------------------------
2024-06-18 22:15:36,869 - INFO - Train Loss: 4.986942
2024-06-18 22:15:43,087 - INFO - Val Loss: 5.591435
2024-06-18 22:15:43,089 - INFO - Val MulticlassF1Score(): 0.110606
2024-06-18 22:15:43,090 - INFO - Val NDCG@10: 0.165047
2024-06-18 22:15:43,090 - INFO - Epoch 5 -------------------------------
2024-06-18 22:21:52,182 - INFO - Train Loss: 4.928236
2024-06-18 22:21:58,547 - INFO - Val Loss: 5.557166
2024-06-18 22:21:58,549 - INFO - Val MulticlassF1Score(): 0.110419
2024-06-18 22:21:58,549 - INFO - Val NDCG@10: 0.163562
2024-06-18 22:21:58,550 - INFO - Epoch 6 -------------------------------
2024-06-18 22:28:09,399 - INFO - Train Loss: 4.884996
2024-06-18 22:28:15,454 - INFO - Val Loss: 5.542037
2024-06-18 22:28:15,456 - INFO - Val MulticlassF1Score(): 0.107929
2024-06-18 22:28:15,456 - INFO - Val NDCG@10: 0.161025
2024-06-18 22:28:15,457 - INFO - Epoch 7 -------------------------------
2024-06-18 22:34:24,298 - INFO - Train Loss: 4.851742
2024-06-18 22:34:30,658 - INFO - Val Loss: 5.533750
2024-06-18 22:34:30,660 - INFO - Val MulticlassF1Score(): 0.106806
2024-06-18 22:34:30,661 - INFO - Val NDCG@10: 0.159455
2024-06-18 22:34:30,662 - INFO - Early stopping at epoch 6, best validation metrics sum: 0.285839781165123
2024-06-18 22:34:30,676 - INFO - Training Done!
