2024-06-18 20:04:45,036 - INFO - ---------- NEW TURN TRAIN ----------
2024-06-18 20:04:46,484 - INFO - Training start!
2024-06-18 20:04:46,502 - INFO - Epoch 1 -------------------------------
2024-06-18 20:09:06,648 - INFO - Train Loss: 6.426246
2024-06-18 20:09:11,603 - INFO - Val Loss: 6.057389
2024-06-18 20:09:11,613 - INFO - Val MulticlassF1Score(): 0.108004
2024-06-18 20:09:11,614 - INFO - Val NDCG@10: 0.156006
2024-06-18 20:09:11,634 - INFO - Epoch 2 -------------------------------
2024-06-18 20:13:25,129 - INFO - Train Loss: 5.498516
2024-06-18 20:13:29,933 - INFO - Val Loss: 5.893162
2024-06-18 20:13:29,934 - INFO - Val MulticlassF1Score(): 0.113788
2024-06-18 20:13:29,935 - INFO - Val NDCG@10: 0.165470
2024-06-18 20:13:29,954 - INFO - Epoch 3 -------------------------------
2024-06-18 20:17:48,117 - INFO - Train Loss: 5.383670
2024-06-18 20:17:52,931 - INFO - Val Loss: 5.830328
2024-06-18 20:17:52,933 - INFO - Val MulticlassF1Score(): 0.114181
2024-06-18 20:17:52,933 - INFO - Val NDCG@10: 0.167520
2024-06-18 20:17:52,953 - INFO - Epoch 4 -------------------------------
2024-06-18 20:22:04,636 - INFO - Train Loss: 5.320123
2024-06-18 20:22:09,415 - INFO - Val Loss: 5.793591
2024-06-18 20:22:09,417 - INFO - Val MulticlassF1Score(): 0.115079
2024-06-18 20:22:09,417 - INFO - Val NDCG@10: 0.169138
2024-06-18 20:22:09,437 - INFO - Epoch 5 -------------------------------
2024-06-18 20:26:24,351 - INFO - Train Loss: 5.275297
2024-06-18 20:26:29,216 - INFO - Val Loss: 5.761963
2024-06-18 20:26:29,218 - INFO - Val MulticlassF1Score(): 0.115136
2024-06-18 20:26:29,219 - INFO - Val NDCG@10: 0.168863
2024-06-18 20:26:29,219 - INFO - Epoch 6 -------------------------------
2024-06-18 20:30:46,563 - INFO - Train Loss: 5.240147
2024-06-18 20:30:51,480 - INFO - Val Loss: 5.739671
2024-06-18 20:30:51,483 - INFO - Val MulticlassF1Score(): 0.114873
2024-06-18 20:30:51,483 - INFO - Val NDCG@10: 0.169376
2024-06-18 20:30:51,504 - INFO - Epoch 7 -------------------------------
2024-06-18 20:34:59,334 - INFO - Train Loss: 5.211404
2024-06-18 20:35:04,212 - INFO - Val Loss: 5.721272
2024-06-18 20:35:04,214 - INFO - Val MulticlassF1Score(): 0.115472
2024-06-18 20:35:04,214 - INFO - Val NDCG@10: 0.169076
2024-06-18 20:35:04,235 - INFO - Epoch 8 -------------------------------
2024-06-18 20:39:23,622 - INFO - Train Loss: 5.186543
2024-06-18 20:39:28,483 - INFO - Val Loss: 5.714463
2024-06-18 20:39:28,485 - INFO - Val MulticlassF1Score(): 0.115454
2024-06-18 20:39:28,486 - INFO - Val NDCG@10: 0.168910
2024-06-18 20:39:28,486 - INFO - Epoch 9 -------------------------------
2024-06-18 20:43:44,944 - INFO - Train Loss: 5.164755
2024-06-18 20:43:49,711 - INFO - Val Loss: 5.699955
2024-06-18 20:43:49,713 - INFO - Val MulticlassF1Score(): 0.115641
2024-06-18 20:43:49,714 - INFO - Val NDCG@10: 0.169039
2024-06-18 20:43:49,734 - INFO - Epoch 10 -------------------------------
2024-06-18 20:48:00,275 - INFO - Train Loss: 5.144966
2024-06-18 20:48:05,045 - INFO - Val Loss: 5.690839
2024-06-18 20:48:05,046 - INFO - Val MulticlassF1Score(): 0.115603
2024-06-18 20:48:05,047 - INFO - Val NDCG@10: 0.168628
2024-06-18 20:48:05,048 - INFO - Epoch 11 -------------------------------
2024-06-18 20:52:15,310 - INFO - Train Loss: 5.127147
2024-06-18 20:52:20,282 - INFO - Val Loss: 5.679250
2024-06-18 20:52:20,284 - INFO - Val MulticlassF1Score(): 0.115248
2024-06-18 20:52:20,285 - INFO - Val NDCG@10: 0.168467
2024-06-18 20:52:20,286 - INFO - Epoch 12 -------------------------------
2024-06-18 20:56:30,924 - INFO - Train Loss: 5.110996
2024-06-18 20:56:35,786 - INFO - Val Loss: 5.668771
2024-06-18 20:56:35,788 - INFO - Val MulticlassF1Score(): 0.113151
2024-06-18 20:56:35,789 - INFO - Val NDCG@10: 0.166560
2024-06-18 20:56:35,790 - INFO - Epoch 13 -------------------------------
2024-06-18 21:00:53,457 - INFO - Train Loss: 5.096037
2024-06-18 21:00:58,391 - INFO - Val Loss: 5.664352
2024-06-18 21:00:58,393 - INFO - Val MulticlassF1Score(): 0.112665
2024-06-18 21:00:58,394 - INFO - Val NDCG@10: 0.166456
2024-06-18 21:00:58,394 - INFO - Epoch 14 -------------------------------
2024-06-18 21:05:10,308 - INFO - Train Loss: 5.082273
2024-06-18 21:05:15,260 - INFO - Val Loss: 5.657291
2024-06-18 21:05:15,262 - INFO - Val MulticlassF1Score(): 0.113301
2024-06-18 21:05:15,263 - INFO - Val NDCG@10: 0.166782
2024-06-18 21:05:15,263 - INFO - Early stopping at epoch 13, best validation metrics sum: 0.28467974066734314
2024-06-18 21:05:15,275 - INFO - Training Done!
