2024-06-18 21:09:43,177 - INFO - ---------- NEW TURN TRAIN ----------
2024-06-18 21:09:44,633 - INFO - Training start!
2024-06-18 21:09:44,652 - INFO - Epoch 1 -------------------------------
2024-06-18 21:14:32,484 - INFO - Train Loss: 6.159383
2024-06-18 21:14:37,689 - INFO - Val Loss: 5.943109
2024-06-18 21:14:37,692 - INFO - Val MulticlassF1Score(): 0.110119
2024-06-18 21:14:37,693 - INFO - Val NDCG@10: 0.160771
2024-06-18 21:14:37,711 - INFO - Epoch 2 -------------------------------
2024-06-18 21:19:27,033 - INFO - Train Loss: 5.348379
2024-06-18 21:19:32,468 - INFO - Val Loss: 5.773740
2024-06-18 21:19:32,470 - INFO - Val MulticlassF1Score(): 0.114424
2024-06-18 21:19:32,472 - INFO - Val NDCG@10: 0.167524
2024-06-18 21:19:32,491 - INFO - Epoch 3 -------------------------------
2024-06-18 21:24:25,650 - INFO - Train Loss: 5.204678
2024-06-18 21:24:31,126 - INFO - Val Loss: 5.706567
2024-06-18 21:24:31,128 - INFO - Val MulticlassF1Score(): 0.113881
2024-06-18 21:24:31,129 - INFO - Val NDCG@10: 0.167023
2024-06-18 21:24:31,130 - INFO - Epoch 4 -------------------------------
2024-06-18 21:29:10,649 - INFO - Train Loss: 5.125388
2024-06-18 21:29:15,870 - INFO - Val Loss: 5.676407
2024-06-18 21:29:15,872 - INFO - Val MulticlassF1Score(): 0.112178
2024-06-18 21:29:15,873 - INFO - Val NDCG@10: 0.164819
2024-06-18 21:29:15,873 - INFO - Epoch 5 -------------------------------
2024-06-18 21:33:55,500 - INFO - Train Loss: 5.077092
2024-06-18 21:34:00,909 - INFO - Val Loss: 5.649144
2024-06-18 21:34:00,911 - INFO - Val MulticlassF1Score(): 0.111897
2024-06-18 21:34:00,911 - INFO - Val NDCG@10: 0.163848
2024-06-18 21:34:00,912 - INFO - Epoch 6 -------------------------------
2024-06-18 21:38:37,948 - INFO - Train Loss: 5.047596
2024-06-18 21:38:43,131 - INFO - Val Loss: 5.645427
2024-06-18 21:38:43,132 - INFO - Val MulticlassF1Score(): 0.109969
2024-06-18 21:38:43,133 - INFO - Val NDCG@10: 0.162350
2024-06-18 21:38:43,134 - INFO - Epoch 7 -------------------------------
2024-06-18 21:43:18,994 - INFO - Train Loss: 5.031698
2024-06-18 21:43:24,206 - INFO - Val Loss: 5.641714
2024-06-18 21:43:24,207 - INFO - Val MulticlassF1Score(): 0.111448
2024-06-18 21:43:24,208 - INFO - Val NDCG@10: 0.162755
2024-06-18 21:43:24,208 - INFO - Early stopping at epoch 6, best validation metrics sum: 0.2819487005472183
2024-06-18 21:43:24,222 - INFO - Training Done!
