2024-06-16 16:25:28,686 - INFO - ---------- NEW TURN TRAIN ----------
2024-06-16 16:25:30,089 - INFO - Training start!
2024-06-16 16:25:30,116 - INFO - Epoch 1 -------------------------------
2024-06-16 16:27:43,688 - INFO - Train Loss: 6.835231
2024-06-16 16:27:43,702 - INFO - Train MulticlassF1Score(): 0.096752
2024-06-16 16:27:44,562 - INFO - Val Loss: 6.824219
2024-06-16 16:27:44,564 - INFO - Val MulticlassF1Score(): 0.102987
2024-06-16 16:27:44,594 - INFO - Epoch 2 -------------------------------
2024-06-16 16:29:54,726 - INFO - Train Loss: 6.006870
2024-06-16 16:29:54,727 - INFO - Train MulticlassF1Score(): 0.121230
2024-06-16 16:29:55,436 - INFO - Val Loss: 6.706527
2024-06-16 16:29:55,439 - INFO - Val MulticlassF1Score(): 0.105964
2024-06-16 16:29:55,465 - INFO - Epoch 3 -------------------------------
2024-06-16 16:32:09,124 - INFO - Train Loss: 5.829826
2024-06-16 16:32:09,126 - INFO - Train MulticlassF1Score(): 0.127378
2024-06-16 16:32:09,937 - INFO - Val Loss: 6.657648
2024-06-16 16:32:09,939 - INFO - Val MulticlassF1Score(): 0.108154
2024-06-16 16:32:09,970 - INFO - Epoch 4 -------------------------------
2024-06-16 16:34:25,033 - INFO - Train Loss: 5.718990
2024-06-16 16:34:25,034 - INFO - Train MulticlassF1Score(): 0.132388
2024-06-16 16:34:25,742 - INFO - Val Loss: 6.656403
2024-06-16 16:34:25,744 - INFO - Val MulticlassF1Score(): 0.108472
2024-06-16 16:34:25,777 - INFO - Epoch 5 -------------------------------
2024-06-16 16:36:40,608 - INFO - Train Loss: 5.634218
2024-06-16 16:36:40,610 - INFO - Train MulticlassF1Score(): 0.136650
2024-06-16 16:36:41,316 - INFO - Val Loss: 6.677720
2024-06-16 16:36:41,319 - INFO - Val MulticlassF1Score(): 0.109857
2024-06-16 16:36:41,349 - INFO - Epoch 6 -------------------------------
2024-06-16 16:39:07,028 - INFO - Train Loss: 5.563811
2024-06-16 16:39:07,030 - INFO - Train MulticlassF1Score(): 0.140428
2024-06-16 16:39:07,735 - INFO - Val Loss: 6.705188
2024-06-16 16:39:07,736 - INFO - Val MulticlassF1Score(): 0.109576
2024-06-16 16:39:07,738 - INFO - Epoch 7 -------------------------------
2024-06-16 16:41:20,408 - INFO - Train Loss: 5.502526
2024-06-16 16:41:20,410 - INFO - Train MulticlassF1Score(): 0.143836
2024-06-16 16:41:21,127 - INFO - Val Loss: 6.717956
2024-06-16 16:41:21,129 - INFO - Val MulticlassF1Score(): 0.109183
2024-06-16 16:41:21,130 - INFO - Epoch 8 -------------------------------
2024-06-16 16:43:32,728 - INFO - Train Loss: 5.447678
2024-06-16 16:43:32,729 - INFO - Train MulticlassF1Score(): 0.147284
2024-06-16 16:43:33,440 - INFO - Val Loss: 6.752755
2024-06-16 16:43:33,442 - INFO - Val MulticlassF1Score(): 0.108753
2024-06-16 16:43:33,442 - INFO - Epoch 9 -------------------------------
2024-06-16 16:45:46,753 - INFO - Train Loss: 5.397321
2024-06-16 16:45:46,755 - INFO - Train MulticlassF1Score(): 0.150608
2024-06-16 16:45:47,466 - INFO - Val Loss: 6.788107
2024-06-16 16:45:47,468 - INFO - Val MulticlassF1Score(): 0.108491
2024-06-16 16:45:47,469 - INFO - Epoch 10 -------------------------------
2024-06-16 16:48:00,733 - INFO - Train Loss: 5.351329
2024-06-16 16:48:00,735 - INFO - Train MulticlassF1Score(): 0.153885
2024-06-16 16:48:01,442 - INFO - Val Loss: 6.834895
2024-06-16 16:48:01,444 - INFO - Val MulticlassF1Score(): 0.107274
2024-06-16 16:48:01,445 - INFO - Early stopping at epoch 9, best validation metrics sum: 0.1098569929599762
2024-06-16 16:48:01,463 - INFO - Training Done!
