2024-06-16 22:51:03,543 - INFO - ---------- NEW TURN TRAIN ----------
2024-06-16 22:51:04,963 - INFO - Training start!
2024-06-16 22:51:04,989 - INFO - Epoch 1 -------------------------------
2024-06-16 22:52:50,431 - INFO - Train Loss: 6.471962
2024-06-16 22:52:50,438 - INFO - Train MulticlassF1Score(): 0.104818
2024-06-16 22:52:51,087 - INFO - Val Loss: 6.638724
2024-06-16 22:52:51,088 - INFO - Val MulticlassF1Score(): 0.105009
2024-06-16 22:52:51,113 - INFO - Epoch 2 -------------------------------
2024-06-16 22:54:36,988 - INFO - Train Loss: 5.873173
2024-06-16 22:54:36,989 - INFO - Train MulticlassF1Score(): 0.124915
2024-06-16 22:54:37,649 - INFO - Val Loss: 6.547424
2024-06-16 22:54:37,651 - INFO - Val MulticlassF1Score(): 0.107798
2024-06-16 22:54:37,677 - INFO - Epoch 3 -------------------------------
2024-06-16 22:56:23,174 - INFO - Train Loss: 5.731490
2024-06-16 22:56:23,176 - INFO - Train MulticlassF1Score(): 0.130883
2024-06-16 22:56:23,837 - INFO - Val Loss: 6.509634
2024-06-16 22:56:23,838 - INFO - Val MulticlassF1Score(): 0.109090
2024-06-16 22:56:23,864 - INFO - Epoch 4 -------------------------------
2024-06-16 22:58:08,508 - INFO - Train Loss: 5.647087
2024-06-16 22:58:08,510 - INFO - Train MulticlassF1Score(): 0.134854
2024-06-16 22:58:09,196 - INFO - Val Loss: 6.511189
2024-06-16 22:58:09,197 - INFO - Val MulticlassF1Score(): 0.110493
2024-06-16 22:58:09,224 - INFO - Epoch 5 -------------------------------
2024-06-16 22:59:54,038 - INFO - Train Loss: 5.583875
2024-06-16 22:59:54,039 - INFO - Train MulticlassF1Score(): 0.137798
2024-06-16 22:59:54,760 - INFO - Val Loss: 6.523020
2024-06-16 22:59:54,761 - INFO - Val MulticlassF1Score(): 0.111205
2024-06-16 22:59:54,787 - INFO - Epoch 6 -------------------------------
2024-06-16 23:01:41,799 - INFO - Train Loss: 5.533581
2024-06-16 23:01:41,801 - INFO - Train MulticlassF1Score(): 0.140034
2024-06-16 23:01:42,478 - INFO - Val Loss: 6.536355
2024-06-16 23:01:42,480 - INFO - Val MulticlassF1Score(): 0.111317
2024-06-16 23:01:42,506 - INFO - Epoch 7 -------------------------------
2024-06-16 23:03:26,501 - INFO - Train Loss: 5.490775
2024-06-16 23:03:26,503 - INFO - Train MulticlassF1Score(): 0.142101
2024-06-16 23:03:27,204 - INFO - Val Loss: 6.549433
2024-06-16 23:03:27,205 - INFO - Val MulticlassF1Score(): 0.111804
2024-06-16 23:03:27,231 - INFO - Epoch 8 -------------------------------
2024-06-16 23:05:12,405 - INFO - Train Loss: 5.455260
2024-06-16 23:05:12,407 - INFO - Train MulticlassF1Score(): 0.144192
2024-06-16 23:05:13,076 - INFO - Val Loss: 6.562336
2024-06-16 23:05:13,078 - INFO - Val MulticlassF1Score(): 0.112646
2024-06-16 23:05:13,106 - INFO - Epoch 9 -------------------------------
2024-06-16 23:06:57,540 - INFO - Train Loss: 5.422899
2024-06-16 23:06:57,541 - INFO - Train MulticlassF1Score(): 0.145866
2024-06-16 23:06:58,205 - INFO - Val Loss: 6.583351
2024-06-16 23:06:58,206 - INFO - Val MulticlassF1Score(): 0.112945
2024-06-16 23:06:58,235 - INFO - Epoch 10 -------------------------------
2024-06-16 23:08:42,041 - INFO - Train Loss: 5.395087
2024-06-16 23:08:42,044 - INFO - Train MulticlassF1Score(): 0.147362
2024-06-16 23:08:42,717 - INFO - Val Loss: 6.614858
2024-06-16 23:08:42,719 - INFO - Val MulticlassF1Score(): 0.111523
2024-06-16 23:08:42,719 - INFO - Epoch 11 -------------------------------
2024-06-16 23:10:25,809 - INFO - Train Loss: 5.369790
2024-06-16 23:10:25,811 - INFO - Train MulticlassF1Score(): 0.148472
2024-06-16 23:10:26,480 - INFO - Val Loss: 6.632159
2024-06-16 23:10:26,482 - INFO - Val MulticlassF1Score(): 0.111280
2024-06-16 23:10:26,483 - INFO - Epoch 12 -------------------------------
2024-06-16 23:12:09,567 - INFO - Train Loss: 5.345730
2024-06-16 23:12:09,569 - INFO - Train MulticlassF1Score(): 0.149935
2024-06-16 23:12:10,239 - INFO - Val Loss: 6.645554
2024-06-16 23:12:10,241 - INFO - Val MulticlassF1Score(): 0.109894
2024-06-16 23:12:10,242 - INFO - Epoch 13 -------------------------------
2024-06-16 23:13:53,142 - INFO - Train Loss: 5.325336
2024-06-16 23:13:53,143 - INFO - Train MulticlassF1Score(): 0.150898
2024-06-16 23:13:53,843 - INFO - Val Loss: 6.666871
2024-06-16 23:13:53,844 - INFO - Val MulticlassF1Score(): 0.111392
2024-06-16 23:13:53,844 - INFO - Epoch 14 -------------------------------
2024-06-16 23:15:36,651 - INFO - Train Loss: 5.307599
2024-06-16 23:15:36,653 - INFO - Train MulticlassF1Score(): 0.151952
2024-06-16 23:15:37,318 - INFO - Val Loss: 6.686214
2024-06-16 23:15:37,320 - INFO - Val MulticlassF1Score(): 0.110269
2024-06-16 23:15:37,321 - INFO - Early stopping at epoch 13, best validation metrics sum: 0.11294548958539963
2024-06-16 23:15:37,333 - INFO - Training Done!
