2024-06-16 22:13:08,857 - INFO - ---------- NEW TURN TRAIN ----------
2024-06-16 22:13:10,260 - INFO - Training start!
2024-06-16 22:13:10,278 - INFO - Epoch 1 -------------------------------
2024-06-16 22:14:24,450 - INFO - Train Loss: 6.565188
2024-06-16 22:14:24,458 - INFO - Train MulticlassF1Score(): 0.099795
2024-06-16 22:14:25,047 - INFO - Val Loss: 6.681956
2024-06-16 22:14:25,048 - INFO - Val MulticlassF1Score(): 0.104466
2024-06-16 22:14:25,071 - INFO - Epoch 2 -------------------------------
2024-06-16 22:15:36,919 - INFO - Train Loss: 5.913690
2024-06-16 22:15:36,921 - INFO - Train MulticlassF1Score(): 0.126222
2024-06-16 22:15:37,590 - INFO - Val Loss: 6.553729
2024-06-16 22:15:37,592 - INFO - Val MulticlassF1Score(): 0.110156
2024-06-16 22:15:37,610 - INFO - Epoch 3 -------------------------------
2024-06-16 22:16:50,971 - INFO - Train Loss: 5.764449
2024-06-16 22:16:50,973 - INFO - Train MulticlassF1Score(): 0.132538
2024-06-16 22:16:51,662 - INFO - Val Loss: 6.486213
2024-06-16 22:16:51,664 - INFO - Val MulticlassF1Score(): 0.112384
2024-06-16 22:16:51,686 - INFO - Epoch 4 -------------------------------
2024-06-16 22:18:02,815 - INFO - Train Loss: 5.674715
2024-06-16 22:18:02,817 - INFO - Train MulticlassF1Score(): 0.136690
2024-06-16 22:18:03,501 - INFO - Val Loss: 6.465365
2024-06-16 22:18:03,503 - INFO - Val MulticlassF1Score(): 0.111654
2024-06-16 22:18:03,503 - INFO - Epoch 5 -------------------------------
2024-06-16 22:19:15,154 - INFO - Train Loss: 5.610356
2024-06-16 22:19:15,157 - INFO - Train MulticlassF1Score(): 0.139760
2024-06-16 22:19:15,759 - INFO - Val Loss: 6.477131
2024-06-16 22:19:15,761 - INFO - Val MulticlassF1Score(): 0.114181
2024-06-16 22:19:15,783 - INFO - Epoch 6 -------------------------------
2024-06-16 22:20:23,282 - INFO - Train Loss: 5.560373
2024-06-16 22:20:23,285 - INFO - Train MulticlassF1Score(): 0.142503
2024-06-16 22:20:23,879 - INFO - Val Loss: 6.465971
2024-06-16 22:20:23,881 - INFO - Val MulticlassF1Score(): 0.114406
2024-06-16 22:20:23,902 - INFO - Epoch 7 -------------------------------
2024-06-16 22:21:34,881 - INFO - Train Loss: 5.519020
2024-06-16 22:21:34,883 - INFO - Train MulticlassF1Score(): 0.144671
2024-06-16 22:21:35,446 - INFO - Val Loss: 6.468527
2024-06-16 22:21:35,447 - INFO - Val MulticlassF1Score(): 0.114293
2024-06-16 22:21:35,448 - INFO - Epoch 8 -------------------------------
2024-06-16 22:22:47,781 - INFO - Train Loss: 5.483710
2024-06-16 22:22:47,789 - INFO - Train MulticlassF1Score(): 0.146814
2024-06-16 22:22:48,376 - INFO - Val Loss: 6.473750
2024-06-16 22:22:48,378 - INFO - Val MulticlassF1Score(): 0.115585
2024-06-16 22:22:48,399 - INFO - Epoch 9 -------------------------------
2024-06-16 22:24:00,405 - INFO - Train Loss: 5.452288
2024-06-16 22:24:00,407 - INFO - Train MulticlassF1Score(): 0.148433
2024-06-16 22:24:01,086 - INFO - Val Loss: 6.486310
2024-06-16 22:24:01,088 - INFO - Val MulticlassF1Score(): 0.116465
2024-06-16 22:24:01,109 - INFO - Epoch 10 -------------------------------
2024-06-16 22:25:11,652 - INFO - Train Loss: 5.424403
2024-06-16 22:25:11,655 - INFO - Train MulticlassF1Score(): 0.150290
2024-06-16 22:25:12,283 - INFO - Val Loss: 6.488004
2024-06-16 22:25:12,284 - INFO - Val MulticlassF1Score(): 0.114836
2024-06-16 22:25:12,285 - INFO - Epoch 11 -------------------------------
2024-06-16 22:26:20,471 - INFO - Train Loss: 5.399112
2024-06-16 22:26:20,473 - INFO - Train MulticlassF1Score(): 0.151653
2024-06-16 22:26:21,076 - INFO - Val Loss: 6.488531
2024-06-16 22:26:21,078 - INFO - Val MulticlassF1Score(): 0.115360
2024-06-16 22:26:21,078 - INFO - Epoch 12 -------------------------------
2024-06-16 22:27:31,814 - INFO - Train Loss: 5.376199
2024-06-16 22:27:31,815 - INFO - Train MulticlassF1Score(): 0.153296
2024-06-16 22:27:32,339 - INFO - Val Loss: 6.504380
2024-06-16 22:27:32,340 - INFO - Val MulticlassF1Score(): 0.113975
2024-06-16 22:27:32,341 - INFO - Epoch 13 -------------------------------
2024-06-16 22:28:42,487 - INFO - Train Loss: 5.354742
2024-06-16 22:28:42,489 - INFO - Train MulticlassF1Score(): 0.154437
2024-06-16 22:28:43,046 - INFO - Val Loss: 6.521842
2024-06-16 22:28:43,048 - INFO - Val MulticlassF1Score(): 0.115753
2024-06-16 22:28:43,048 - INFO - Epoch 14 -------------------------------
2024-06-16 22:29:51,182 - INFO - Train Loss: 5.335085
2024-06-16 22:29:51,183 - INFO - Train MulticlassF1Score(): 0.155925
2024-06-16 22:29:51,898 - INFO - Val Loss: 6.535963
2024-06-16 22:29:51,900 - INFO - Val MulticlassF1Score(): 0.114836
2024-06-16 22:29:51,900 - INFO - Early stopping at epoch 13, best validation metrics sum: 0.1164645105600357
2024-06-16 22:29:51,911 - INFO - Training Done!
