2024-06-17 21:43:50,914 - INFO - ---------- NEW TURN TRAIN ----------
2024-06-17 21:43:52,333 - INFO - Training start!
2024-06-17 21:43:52,357 - INFO - Epoch 1 -------------------------------
2024-06-17 21:46:20,030 - INFO - Train Loss: 6.377759
2024-06-17 21:46:20,045 - INFO - Train MulticlassF1Score(): 0.105367
2024-06-17 21:46:20,827 - INFO - Val Loss: 6.608917
2024-06-17 21:46:20,828 - INFO - Val MulticlassF1Score(): 0.105440
2024-06-17 21:46:20,856 - INFO - Epoch 2 -------------------------------
2024-06-17 21:48:48,748 - INFO - Train Loss: 5.855977
2024-06-17 21:48:48,750 - INFO - Train MulticlassF1Score(): 0.126248
2024-06-17 21:48:49,543 - INFO - Val Loss: 6.515473
2024-06-17 21:48:49,544 - INFO - Val MulticlassF1Score(): 0.109820
2024-06-17 21:48:49,572 - INFO - Epoch 3 -------------------------------
2024-06-17 21:51:17,484 - INFO - Train Loss: 5.717854
2024-06-17 21:51:17,487 - INFO - Train MulticlassF1Score(): 0.132746
2024-06-17 21:51:18,291 - INFO - Val Loss: 6.485846
2024-06-17 21:51:18,292 - INFO - Val MulticlassF1Score(): 0.110868
2024-06-17 21:51:18,324 - INFO - Epoch 4 -------------------------------
2024-06-17 21:53:49,653 - INFO - Train Loss: 5.630080
2024-06-17 21:53:49,655 - INFO - Train MulticlassF1Score(): 0.137208
2024-06-17 21:53:50,454 - INFO - Val Loss: 6.476925
2024-06-17 21:53:50,455 - INFO - Val MulticlassF1Score(): 0.113133
2024-06-17 21:53:50,488 - INFO - Epoch 5 -------------------------------
2024-06-17 21:56:17,031 - INFO - Train Loss: 5.563332
2024-06-17 21:56:17,032 - INFO - Train MulticlassF1Score(): 0.140850
2024-06-17 21:56:17,854 - INFO - Val Loss: 6.479620
2024-06-17 21:56:17,855 - INFO - Val MulticlassF1Score(): 0.114218
2024-06-17 21:56:17,884 - INFO - Epoch 6 -------------------------------
2024-06-17 21:58:44,553 - INFO - Train Loss: 5.508591
2024-06-17 21:58:44,555 - INFO - Train MulticlassF1Score(): 0.143603
2024-06-17 21:58:45,468 - INFO - Val Loss: 6.492084
2024-06-17 21:58:45,469 - INFO - Val MulticlassF1Score(): 0.113619
2024-06-17 21:58:45,470 - INFO - Epoch 7 -------------------------------
2024-06-17 22:01:14,202 - INFO - Train Loss: 5.461204
2024-06-17 22:01:14,204 - INFO - Train MulticlassF1Score(): 0.146144
2024-06-17 22:01:15,164 - INFO - Val Loss: 6.511718
2024-06-17 22:01:15,166 - INFO - Val MulticlassF1Score(): 0.114930
2024-06-17 22:01:15,201 - INFO - Epoch 8 -------------------------------
2024-06-17 22:03:43,218 - INFO - Train Loss: 5.418070
2024-06-17 22:03:43,220 - INFO - Train MulticlassF1Score(): 0.148736
2024-06-17 22:03:44,143 - INFO - Val Loss: 6.520882
2024-06-17 22:03:44,144 - INFO - Val MulticlassF1Score(): 0.113975
2024-06-17 22:03:44,145 - INFO - Epoch 9 -------------------------------
2024-06-17 22:06:12,085 - INFO - Train Loss: 5.378653
2024-06-17 22:06:12,086 - INFO - Train MulticlassF1Score(): 0.151248
2024-06-17 22:06:12,919 - INFO - Val Loss: 6.553433
2024-06-17 22:06:12,920 - INFO - Val MulticlassF1Score(): 0.114443
2024-06-17 22:06:12,920 - INFO - Epoch 10 -------------------------------
2024-06-17 22:08:40,617 - INFO - Train Loss: 5.342595
2024-06-17 22:08:40,618 - INFO - Train MulticlassF1Score(): 0.153519
2024-06-17 22:08:41,474 - INFO - Val Loss: 6.585242
2024-06-17 22:08:41,475 - INFO - Val MulticlassF1Score(): 0.112665
2024-06-17 22:08:41,475 - INFO - Epoch 11 -------------------------------
2024-06-17 22:11:09,117 - INFO - Train Loss: 5.309091
2024-06-17 22:11:09,119 - INFO - Train MulticlassF1Score(): 0.155489
2024-06-17 22:11:09,927 - INFO - Val Loss: 6.604842
2024-06-17 22:11:09,929 - INFO - Val MulticlassF1Score(): 0.112702
2024-06-17 22:11:09,930 - INFO - Epoch 12 -------------------------------
2024-06-17 22:13:39,099 - INFO - Train Loss: 5.276526
2024-06-17 22:13:39,102 - INFO - Train MulticlassF1Score(): 0.157793
2024-06-17 22:13:39,948 - INFO - Val Loss: 6.640204
2024-06-17 22:13:39,950 - INFO - Val MulticlassF1Score(): 0.112178
2024-06-17 22:13:39,950 - INFO - Early stopping at epoch 11, best validation metrics sum: 0.11492961645126343
2024-06-17 22:13:39,964 - INFO - Training Done!
