2024-06-17 20:35:44,678 - INFO - ---------- NEW TURN TRAIN ----------
2024-06-17 20:35:46,107 - INFO - Training start!
2024-06-17 20:35:46,135 - INFO - Epoch 1 -------------------------------
2024-06-17 20:38:12,809 - INFO - Train Loss: 6.396256
2024-06-17 20:38:12,813 - INFO - Train MulticlassF1Score(): 0.104716
2024-06-17 20:38:13,595 - INFO - Val Loss: 6.613316
2024-06-17 20:38:13,597 - INFO - Val MulticlassF1Score(): 0.105571
2024-06-17 20:38:13,621 - INFO - Epoch 2 -------------------------------
2024-06-17 20:40:41,114 - INFO - Train Loss: 5.858313
2024-06-17 20:40:41,116 - INFO - Train MulticlassF1Score(): 0.126478
2024-06-17 20:40:41,902 - INFO - Val Loss: 6.508880
2024-06-17 20:40:41,904 - INFO - Val MulticlassF1Score(): 0.109277
2024-06-17 20:40:41,932 - INFO - Epoch 3 -------------------------------
2024-06-17 20:43:08,122 - INFO - Train Loss: 5.715942
2024-06-17 20:43:08,124 - INFO - Train MulticlassF1Score(): 0.132897
2024-06-17 20:43:08,911 - INFO - Val Loss: 6.492744
2024-06-17 20:43:08,912 - INFO - Val MulticlassF1Score(): 0.111673
2024-06-17 20:43:08,940 - INFO - Epoch 4 -------------------------------
2024-06-17 20:45:35,568 - INFO - Train Loss: 5.626142
2024-06-17 20:45:35,570 - INFO - Train MulticlassF1Score(): 0.137558
2024-06-17 20:45:36,382 - INFO - Val Loss: 6.478104
2024-06-17 20:45:36,384 - INFO - Val MulticlassF1Score(): 0.112459
2024-06-17 20:45:36,412 - INFO - Epoch 5 -------------------------------
2024-06-17 20:48:03,419 - INFO - Train Loss: 5.558492
2024-06-17 20:48:03,421 - INFO - Train MulticlassF1Score(): 0.141023
2024-06-17 20:48:04,299 - INFO - Val Loss: 6.482321
2024-06-17 20:48:04,300 - INFO - Val MulticlassF1Score(): 0.113750
2024-06-17 20:48:04,334 - INFO - Epoch 6 -------------------------------
2024-06-17 20:50:29,857 - INFO - Train Loss: 5.502124
2024-06-17 20:50:29,859 - INFO - Train MulticlassF1Score(): 0.144154
2024-06-17 20:50:30,668 - INFO - Val Loss: 6.486381
2024-06-17 20:50:30,670 - INFO - Val MulticlassF1Score(): 0.113713
2024-06-17 20:50:30,670 - INFO - Epoch 7 -------------------------------
2024-06-17 20:52:59,362 - INFO - Train Loss: 5.453223
2024-06-17 20:52:59,365 - INFO - Train MulticlassF1Score(): 0.146866
2024-06-17 20:53:00,173 - INFO - Val Loss: 6.507916
2024-06-17 20:53:00,174 - INFO - Val MulticlassF1Score(): 0.116128
2024-06-17 20:53:00,202 - INFO - Epoch 8 -------------------------------
2024-06-17 20:55:28,398 - INFO - Train Loss: 5.409625
2024-06-17 20:55:28,399 - INFO - Train MulticlassF1Score(): 0.149443
2024-06-17 20:55:29,202 - INFO - Val Loss: 6.521528
2024-06-17 20:55:29,203 - INFO - Val MulticlassF1Score(): 0.114836
2024-06-17 20:55:29,204 - INFO - Epoch 9 -------------------------------
2024-06-17 20:57:56,237 - INFO - Train Loss: 5.369457
2024-06-17 20:57:56,239 - INFO - Train MulticlassF1Score(): 0.152043
2024-06-17 20:57:57,029 - INFO - Val Loss: 6.557673
2024-06-17 20:57:57,031 - INFO - Val MulticlassF1Score(): 0.114948
2024-06-17 20:57:57,032 - INFO - Epoch 10 -------------------------------
2024-06-17 21:00:23,549 - INFO - Train Loss: 5.332788
2024-06-17 21:00:23,551 - INFO - Train MulticlassF1Score(): 0.154376
2024-06-17 21:00:24,342 - INFO - Val Loss: 6.583292
2024-06-17 21:00:24,344 - INFO - Val MulticlassF1Score(): 0.113488
2024-06-17 21:00:24,345 - INFO - Epoch 11 -------------------------------
2024-06-17 21:02:49,871 - INFO - Train Loss: 5.298829
2024-06-17 21:02:49,873 - INFO - Train MulticlassF1Score(): 0.156432
2024-06-17 21:02:50,669 - INFO - Val Loss: 6.608709
2024-06-17 21:02:50,671 - INFO - Val MulticlassF1Score(): 0.112627
2024-06-17 21:02:50,672 - INFO - Epoch 12 -------------------------------
2024-06-17 21:05:15,414 - INFO - Train Loss: 5.267491
2024-06-17 21:05:15,416 - INFO - Train MulticlassF1Score(): 0.158827
2024-06-17 21:05:16,285 - INFO - Val Loss: 6.648329
2024-06-17 21:05:16,287 - INFO - Val MulticlassF1Score(): 0.111841
2024-06-17 21:05:16,287 - INFO - Early stopping at epoch 11, best validation metrics sum: 0.11612758040428162
2024-06-17 21:05:16,301 - INFO - Training Done!
